Array
(
    [Host] => localhost
    [Connection] => keep-alive
    [Pragma] => no-cache
    [Cache-Control] => no-cache
    [sec-ch-ua] => "Chromium";v="128", "Not;A=Brand";v="24", "Google Chrome";v="128"
    [idIntegra] => 2
    [sec-ch-ua-mobile] => ?1
    [User-Agent] => Mozilla/5.0 (Linux; Android 6.0; Nexus 5 Build/MRA58N) AppleWebKit/537.36 (KHTML, like Gecko) Chrome/128.0.0.0 Mobile Safari/537.36
    [sec-ch-ua-platform] => "Android"
    [Accept] => */*
    [Sec-Fetch-Site] => same-origin
    [Sec-Fetch-Mode] => cors
    [Sec-Fetch-Dest] => empty
    [Referer] => http://localhost/front/dashboard.php?page=clientes
    [Accept-Encoding] => gzip, deflate, br, zstd
    [Accept-Language] => en-US,en;q=0.9,pt;q=0.8
    [Cookie] => PHPSESSID=rk7k1quhtdm6v4dgjne9vdb1s0
)
Array
(
    [Host] => localhost
    [Connection] => keep-alive
    [Pragma] => no-cache
    [Cache-Control] => no-cache
    [sec-ch-ua] => "Chromium";v="128", "Not;A=Brand";v="24", "Google Chrome";v="128"
    [idIntegra] => 2
    [sec-ch-ua-mobile] => ?1
    [User-Agent] => Mozilla/5.0 (Linux; Android 6.0; Nexus 5 Build/MRA58N) AppleWebKit/537.36 (KHTML, like Gecko) Chrome/128.0.0.0 Mobile Safari/537.36
    [sec-ch-ua-platform] => "Android"
    [Accept] => */*
    [Sec-Fetch-Site] => same-origin
    [Sec-Fetch-Mode] => cors
    [Sec-Fetch-Dest] => empty
    [Referer] => http://localhost/front/dashboard.php?page=clientes
    [Accept-Encoding] => gzip, deflate, br, zstd
    [Accept-Language] => en-US,en;q=0.9,pt;q=0.8
    [Cookie] => PHPSESSID=rk7k1quhtdm6v4dgjne9vdb1s0
)
Array
(
    [Host] => localhost
    [Connection] => keep-alive
    [sec-ch-ua] => "Chromium";v="128", "Not;A=Brand";v="24", "Google Chrome";v="128"
    [idIntegra] => 2
    [sec-ch-ua-mobile] => ?1
    [User-Agent] => Mozilla/5.0 (Linux; Android 6.0; Nexus 5 Build/MRA58N) AppleWebKit/537.36 (KHTML, like Gecko) Chrome/128.0.0.0 Mobile Safari/537.36
    [sec-ch-ua-platform] => "Android"
    [Accept] => */*
    [Sec-Fetch-Site] => same-origin
    [Sec-Fetch-Mode] => cors
    [Sec-Fetch-Dest] => empty
    [Referer] => http://localhost/front/dashboard.php?page=home
    [Accept-Encoding] => gzip, deflate, br, zstd
    [Accept-Language] => en-US,en;q=0.9,pt;q=0.8
    [Cookie] => PHPSESSID=rk7k1quhtdm6v4dgjne9vdb1s0
)
Array
(
    [Host] => localhost
    [Connection] => keep-alive
    [sec-ch-ua] => "Chromium";v="128", "Not;A=Brand";v="24", "Google Chrome";v="128"
    [idIntegra] => 2
    [sec-ch-ua-mobile] => ?1
    [User-Agent] => Mozilla/5.0 (Linux; Android 6.0; Nexus 5 Build/MRA58N) AppleWebKit/537.36 (KHTML, like Gecko) Chrome/128.0.0.0 Mobile Safari/537.36
    [sec-ch-ua-platform] => "Android"
    [Accept] => */*
    [Sec-Fetch-Site] => same-origin
    [Sec-Fetch-Mode] => cors
    [Sec-Fetch-Dest] => empty
    [Referer] => http://localhost/front/dashboard.php?page=home
    [Accept-Encoding] => gzip, deflate, br, zstd
    [Accept-Language] => en-US,en;q=0.9,pt;q=0.8
    [Cookie] => PHPSESSID=rk7k1quhtdm6v4dgjne9vdb1s0
)
Array
(
    [Host] => localhost
    [Connection] => keep-alive
    [Pragma] => no-cache
    [Cache-Control] => no-cache
    [sec-ch-ua] => "Chromium";v="128", "Not;A=Brand";v="24", "Google Chrome";v="128"
    [idIntegra] => 2
    [sec-ch-ua-mobile] => ?1
    [User-Agent] => Mozilla/5.0 (Linux; Android 6.0; Nexus 5 Build/MRA58N) AppleWebKit/537.36 (KHTML, like Gecko) Chrome/128.0.0.0 Mobile Safari/537.36
    [sec-ch-ua-platform] => "Android"
    [Accept] => */*
    [Sec-Fetch-Site] => same-origin
    [Sec-Fetch-Mode] => cors
    [Sec-Fetch-Dest] => empty
    [Referer] => http://localhost/front/dashboard.php?page=home
    [Accept-Encoding] => gzip, deflate, br, zstd
    [Accept-Language] => en-US,en;q=0.9,pt;q=0.8
    [Cookie] => PHPSESSID=rk7k1quhtdm6v4dgjne9vdb1s0
)
Array
(
    [Host] => localhost
    [Connection] => keep-alive
    [Pragma] => no-cache
    [Cache-Control] => no-cache
    [sec-ch-ua] => "Chromium";v="128", "Not;A=Brand";v="24", "Google Chrome";v="128"
    [idIntegra] => 2
    [sec-ch-ua-mobile] => ?1
    [User-Agent] => Mozilla/5.0 (Linux; Android 6.0; Nexus 5 Build/MRA58N) AppleWebKit/537.36 (KHTML, like Gecko) Chrome/128.0.0.0 Mobile Safari/537.36
    [sec-ch-ua-platform] => "Android"
    [Accept] => */*
    [Sec-Fetch-Site] => same-origin
    [Sec-Fetch-Mode] => cors
    [Sec-Fetch-Dest] => empty
    [Referer] => http://localhost/front/dashboard.php?page=home
    [Accept-Encoding] => gzip, deflate, br, zstd
    [Accept-Language] => en-US,en;q=0.9,pt;q=0.8
    [Cookie] => PHPSESSID=rk7k1quhtdm6v4dgjne9vdb1s0
)
Array
(
    [Host] => localhost
    [Connection] => keep-alive
    [sec-ch-ua] => "Chromium";v="128", "Not;A=Brand";v="24", "Google Chrome";v="128"
    [idIntegra] => 2
    [sec-ch-ua-mobile] => ?1
    [User-Agent] => Mozilla/5.0 (Linux; Android 6.0; Nexus 5 Build/MRA58N) AppleWebKit/537.36 (KHTML, like Gecko) Chrome/128.0.0.0 Mobile Safari/537.36
    [sec-ch-ua-platform] => "Android"
    [Accept] => */*
    [Sec-Fetch-Site] => same-origin
    [Sec-Fetch-Mode] => cors
    [Sec-Fetch-Dest] => empty
    [Referer] => http://localhost/front/dashboard.php?page=home
    [Accept-Encoding] => gzip, deflate, br, zstd
    [Accept-Language] => en-US,en;q=0.9,pt;q=0.8
    [Cookie] => PHPSESSID=rk7k1quhtdm6v4dgjne9vdb1s0
)
Array
(
    [Host] => localhost
    [Connection] => keep-alive
    [sec-ch-ua] => "Chromium";v="128", "Not;A=Brand";v="24", "Google Chrome";v="128"
    [idIntegra] => 2
    [sec-ch-ua-mobile] => ?1
    [User-Agent] => Mozilla/5.0 (Linux; Android 6.0; Nexus 5 Build/MRA58N) AppleWebKit/537.36 (KHTML, like Gecko) Chrome/128.0.0.0 Mobile Safari/537.36
    [sec-ch-ua-platform] => "Android"
    [Accept] => */*
    [Sec-Fetch-Site] => same-origin
    [Sec-Fetch-Mode] => cors
    [Sec-Fetch-Dest] => empty
    [Referer] => http://localhost/front/dashboard.php?page=home
    [Accept-Encoding] => gzip, deflate, br, zstd
    [Accept-Language] => en-US,en;q=0.9,pt;q=0.8
    [Cookie] => PHPSESSID=rk7k1quhtdm6v4dgjne9vdb1s0
)
Array
(
    [Host] => localhost
    [Connection] => keep-alive
    [sec-ch-ua] => "Chromium";v="128", "Not;A=Brand";v="24", "Google Chrome";v="128"
    [idIntegra] => 2
    [sec-ch-ua-mobile] => ?1
    [User-Agent] => Mozilla/5.0 (Linux; Android 6.0; Nexus 5 Build/MRA58N) AppleWebKit/537.36 (KHTML, like Gecko) Chrome/128.0.0.0 Mobile Safari/537.36
    [sec-ch-ua-platform] => "Android"
    [Accept] => */*
    [Sec-Fetch-Site] => same-origin
    [Sec-Fetch-Mode] => cors
    [Sec-Fetch-Dest] => empty
    [Referer] => http://localhost/front/dashboard.php?page=clientes
    [Accept-Encoding] => gzip, deflate, br, zstd
    [Accept-Language] => en-US,en;q=0.9,pt;q=0.8
    [Cookie] => PHPSESSID=rk7k1quhtdm6v4dgjne9vdb1s0
)
Array
(
    [Host] => localhost
    [Connection] => keep-alive
    [sec-ch-ua] => "Chromium";v="128", "Not;A=Brand";v="24", "Google Chrome";v="128"
    [idIntegra] => 2
    [sec-ch-ua-mobile] => ?1
    [User-Agent] => Mozilla/5.0 (Linux; Android 6.0; Nexus 5 Build/MRA58N) AppleWebKit/537.36 (KHTML, like Gecko) Chrome/128.0.0.0 Mobile Safari/537.36
    [sec-ch-ua-platform] => "Android"
    [Accept] => */*
    [Sec-Fetch-Site] => same-origin
    [Sec-Fetch-Mode] => cors
    [Sec-Fetch-Dest] => empty
    [Referer] => http://localhost/front/dashboard.php?page=clientes
    [Accept-Encoding] => gzip, deflate, br, zstd
    [Accept-Language] => en-US,en;q=0.9,pt;q=0.8
    [Cookie] => PHPSESSID=rk7k1quhtdm6v4dgjne9vdb1s0
)
Array
(
    [Host] => localhost
    [Connection] => keep-alive
    [sec-ch-ua] => "Chromium";v="128", "Not;A=Brand";v="24", "Google Chrome";v="128"
    [idIntegra] => 2
    [sec-ch-ua-mobile] => ?0
    [User-Agent] => Mozilla/5.0 (Windows NT 10.0; Win64; x64) AppleWebKit/537.36 (KHTML, like Gecko) Chrome/128.0.0.0 Safari/537.36
    [sec-ch-ua-platform] => "Windows"
    [Accept] => */*
    [Sec-Fetch-Site] => same-origin
    [Sec-Fetch-Mode] => cors
    [Sec-Fetch-Dest] => empty
    [Referer] => http://localhost/front/dashboard.php?page=usuarios
    [Accept-Encoding] => gzip, deflate, br, zstd
    [Accept-Language] => en-US,en;q=0.9,pt;q=0.8
    [Cookie] => PHPSESSID=rk7k1quhtdm6v4dgjne9vdb1s0
)
Array
(
    [Host] => localhost
    [Connection] => keep-alive
    [sec-ch-ua] => "Chromium";v="128", "Not;A=Brand";v="24", "Google Chrome";v="128"
    [idIntegra] => 2
    [sec-ch-ua-mobile] => ?0
    [User-Agent] => Mozilla/5.0 (Windows NT 10.0; Win64; x64) AppleWebKit/537.36 (KHTML, like Gecko) Chrome/128.0.0.0 Safari/537.36
    [sec-ch-ua-platform] => "Windows"
    [Accept] => */*
    [Sec-Fetch-Site] => same-origin
    [Sec-Fetch-Mode] => cors
    [Sec-Fetch-Dest] => empty
    [Referer] => http://localhost/front/dashboard.php?page=usuarios
    [Accept-Encoding] => gzip, deflate, br, zstd
    [Accept-Language] => en-US,en;q=0.9,pt;q=0.8
    [Cookie] => PHPSESSID=rk7k1quhtdm6v4dgjne9vdb1s0
)
Array
(
    [Host] => localhost
    [Connection] => keep-alive
    [sec-ch-ua] => "Chromium";v="128", "Not;A=Brand";v="24", "Google Chrome";v="128"
    [idIntegra] => 2
    [sec-ch-ua-mobile] => ?0
    [User-Agent] => Mozilla/5.0 (Windows NT 10.0; Win64; x64) AppleWebKit/537.36 (KHTML, like Gecko) Chrome/128.0.0.0 Safari/537.36
    [sec-ch-ua-platform] => "Windows"
    [Accept] => */*
    [Sec-Fetch-Site] => same-origin
    [Sec-Fetch-Mode] => cors
    [Sec-Fetch-Dest] => empty
    [Referer] => http://localhost/front/dashboard.php?page=home
    [Accept-Encoding] => gzip, deflate, br, zstd
    [Accept-Language] => en-US,en;q=0.9,pt;q=0.8
    [Cookie] => PHPSESSID=rk7k1quhtdm6v4dgjne9vdb1s0
)
Array
(
    [Host] => localhost
    [Connection] => keep-alive
    [sec-ch-ua] => "Chromium";v="128", "Not;A=Brand";v="24", "Google Chrome";v="128"
    [idIntegra] => 2
    [sec-ch-ua-mobile] => ?0
    [User-Agent] => Mozilla/5.0 (Windows NT 10.0; Win64; x64) AppleWebKit/537.36 (KHTML, like Gecko) Chrome/128.0.0.0 Safari/537.36
    [sec-ch-ua-platform] => "Windows"
    [Accept] => */*
    [Sec-Fetch-Site] => same-origin
    [Sec-Fetch-Mode] => cors
    [Sec-Fetch-Dest] => empty
    [Referer] => http://localhost/front/dashboard.php?page=home
    [Accept-Encoding] => gzip, deflate, br, zstd
    [Accept-Language] => en-US,en;q=0.9,pt;q=0.8
    [Cookie] => PHPSESSID=rk7k1quhtdm6v4dgjne9vdb1s0
)
Array
(
    [Host] => localhost
    [Connection] => keep-alive
    [sec-ch-ua] => "Chromium";v="128", "Not;A=Brand";v="24", "Google Chrome";v="128"
    [idIntegra] => 2
    [sec-ch-ua-mobile] => ?0
    [User-Agent] => Mozilla/5.0 (Windows NT 10.0; Win64; x64) AppleWebKit/537.36 (KHTML, like Gecko) Chrome/128.0.0.0 Safari/537.36
    [sec-ch-ua-platform] => "Windows"
    [Accept] => */*
    [Sec-Fetch-Site] => same-origin
    [Sec-Fetch-Mode] => cors
    [Sec-Fetch-Dest] => empty
    [Referer] => http://localhost/front/dashboard.php?page=clientes
    [Accept-Encoding] => gzip, deflate, br, zstd
    [Accept-Language] => en-US,en;q=0.9,pt;q=0.8
    [Cookie] => PHPSESSID=rk7k1quhtdm6v4dgjne9vdb1s0
)
Array
(
    [Host] => localhost
    [Connection] => keep-alive
    [sec-ch-ua] => "Chromium";v="128", "Not;A=Brand";v="24", "Google Chrome";v="128"
    [idIntegra] => 2
    [sec-ch-ua-mobile] => ?0
    [User-Agent] => Mozilla/5.0 (Windows NT 10.0; Win64; x64) AppleWebKit/537.36 (KHTML, like Gecko) Chrome/128.0.0.0 Safari/537.36
    [sec-ch-ua-platform] => "Windows"
    [Accept] => */*
    [Sec-Fetch-Site] => same-origin
    [Sec-Fetch-Mode] => cors
    [Sec-Fetch-Dest] => empty
    [Referer] => http://localhost/front/dashboard.php?page=clientes
    [Accept-Encoding] => gzip, deflate, br, zstd
    [Accept-Language] => en-US,en;q=0.9,pt;q=0.8
    [Cookie] => PHPSESSID=rk7k1quhtdm6v4dgjne9vdb1s0
)
Array
(
    [Host] => localhost
    [Connection] => keep-alive
    [sec-ch-ua] => "Chromium";v="128", "Not;A=Brand";v="24", "Google Chrome";v="128"
    [idIntegra] => 2
    [sec-ch-ua-mobile] => ?0
    [User-Agent] => Mozilla/5.0 (Windows NT 10.0; Win64; x64) AppleWebKit/537.36 (KHTML, like Gecko) Chrome/128.0.0.0 Safari/537.36
    [sec-ch-ua-platform] => "Windows"
    [Accept] => */*
    [Sec-Fetch-Site] => same-origin
    [Sec-Fetch-Mode] => cors
    [Sec-Fetch-Dest] => empty
    [Referer] => http://localhost/front/dashboard.php?page=home
    [Accept-Encoding] => gzip, deflate, br, zstd
    [Accept-Language] => en-US,en;q=0.9,pt;q=0.8
    [Cookie] => PHPSESSID=rk7k1quhtdm6v4dgjne9vdb1s0
)
Array
(
    [Host] => localhost
    [Connection] => keep-alive
    [sec-ch-ua] => "Chromium";v="128", "Not;A=Brand";v="24", "Google Chrome";v="128"
    [idIntegra] => 2
    [sec-ch-ua-mobile] => ?0
    [User-Agent] => Mozilla/5.0 (Windows NT 10.0; Win64; x64) AppleWebKit/537.36 (KHTML, like Gecko) Chrome/128.0.0.0 Safari/537.36
    [sec-ch-ua-platform] => "Windows"
    [Accept] => */*
    [Sec-Fetch-Site] => same-origin
    [Sec-Fetch-Mode] => cors
    [Sec-Fetch-Dest] => empty
    [Referer] => http://localhost/front/dashboard.php?page=home
    [Accept-Encoding] => gzip, deflate, br, zstd
    [Accept-Language] => en-US,en;q=0.9,pt;q=0.8
    [Cookie] => PHPSESSID=rk7k1quhtdm6v4dgjne9vdb1s0
)
Array
(
    [Host] => localhost
    [Connection] => keep-alive
    [sec-ch-ua] => "Chromium";v="128", "Not;A=Brand";v="24", "Google Chrome";v="128"
    [idIntegra] => 2
    [sec-ch-ua-mobile] => ?0
    [User-Agent] => Mozilla/5.0 (Windows NT 10.0; Win64; x64) AppleWebKit/537.36 (KHTML, like Gecko) Chrome/128.0.0.0 Safari/537.36
    [sec-ch-ua-platform] => "Windows"
    [Accept] => */*
    [Sec-Fetch-Site] => same-origin
    [Sec-Fetch-Mode] => cors
    [Sec-Fetch-Dest] => empty
    [Referer] => http://localhost/front/dashboard.php?page=clientes
    [Accept-Encoding] => gzip, deflate, br, zstd
    [Accept-Language] => en-US,en;q=0.9,pt;q=0.8
    [Cookie] => PHPSESSID=rk7k1quhtdm6v4dgjne9vdb1s0
)
Array
(
    [Host] => localhost
    [Connection] => keep-alive
    [sec-ch-ua] => "Chromium";v="128", "Not;A=Brand";v="24", "Google Chrome";v="128"
    [idIntegra] => 2
    [sec-ch-ua-mobile] => ?0
    [User-Agent] => Mozilla/5.0 (Windows NT 10.0; Win64; x64) AppleWebKit/537.36 (KHTML, like Gecko) Chrome/128.0.0.0 Safari/537.36
    [sec-ch-ua-platform] => "Windows"
    [Accept] => */*
    [Sec-Fetch-Site] => same-origin
    [Sec-Fetch-Mode] => cors
    [Sec-Fetch-Dest] => empty
    [Referer] => http://localhost/front/dashboard.php?page=clientes
    [Accept-Encoding] => gzip, deflate, br, zstd
    [Accept-Language] => en-US,en;q=0.9,pt;q=0.8
    [Cookie] => PHPSESSID=rk7k1quhtdm6v4dgjne9vdb1s0
)
Array
(
    [Host] => localhost
    [Connection] => keep-alive
    [sec-ch-ua] => "Chromium";v="128", "Not;A=Brand";v="24", "Google Chrome";v="128"
    [idIntegra] => 2
    [sec-ch-ua-mobile] => ?0
    [User-Agent] => Mozilla/5.0 (Windows NT 10.0; Win64; x64) AppleWebKit/537.36 (KHTML, like Gecko) Chrome/128.0.0.0 Safari/537.36
    [sec-ch-ua-platform] => "Windows"
    [Accept] => */*
    [Sec-Fetch-Site] => same-origin
    [Sec-Fetch-Mode] => cors
    [Sec-Fetch-Dest] => empty
    [Referer] => http://localhost/front/dashboard.php?page=home
    [Accept-Encoding] => gzip, deflate, br, zstd
    [Accept-Language] => en-US,en;q=0.9,pt;q=0.8
    [Cookie] => PHPSESSID=rk7k1quhtdm6v4dgjne9vdb1s0
)
Array
(
    [Host] => localhost
    [Connection] => keep-alive
    [sec-ch-ua] => "Chromium";v="128", "Not;A=Brand";v="24", "Google Chrome";v="128"
    [idIntegra] => 2
    [sec-ch-ua-mobile] => ?0
    [User-Agent] => Mozilla/5.0 (Windows NT 10.0; Win64; x64) AppleWebKit/537.36 (KHTML, like Gecko) Chrome/128.0.0.0 Safari/537.36
    [sec-ch-ua-platform] => "Windows"
    [Accept] => */*
    [Sec-Fetch-Site] => same-origin
    [Sec-Fetch-Mode] => cors
    [Sec-Fetch-Dest] => empty
    [Referer] => http://localhost/front/dashboard.php?page=home
    [Accept-Encoding] => gzip, deflate, br, zstd
    [Accept-Language] => en-US,en;q=0.9,pt;q=0.8
    [Cookie] => PHPSESSID=rk7k1quhtdm6v4dgjne9vdb1s0
)
Array
(
    [Host] => localhost
    [Connection] => keep-alive
    [sec-ch-ua] => "Chromium";v="128", "Not;A=Brand";v="24", "Google Chrome";v="128"
    [idIntegra] => 2
    [sec-ch-ua-mobile] => ?0
    [User-Agent] => Mozilla/5.0 (Windows NT 10.0; Win64; x64) AppleWebKit/537.36 (KHTML, like Gecko) Chrome/128.0.0.0 Safari/537.36
    [sec-ch-ua-platform] => "Windows"
    [Accept] => */*
    [Sec-Fetch-Site] => same-origin
    [Sec-Fetch-Mode] => cors
    [Sec-Fetch-Dest] => empty
    [Referer] => http://localhost/front/dashboard.php?page=clientes
    [Accept-Encoding] => gzip, deflate, br, zstd
    [Accept-Language] => en-US,en;q=0.9,pt;q=0.8
    [Cookie] => PHPSESSID=rk7k1quhtdm6v4dgjne9vdb1s0
)
Array
(
    [Host] => localhost
    [Connection] => keep-alive
    [sec-ch-ua] => "Chromium";v="128", "Not;A=Brand";v="24", "Google Chrome";v="128"
    [idIntegra] => 2
    [sec-ch-ua-mobile] => ?0
    [User-Agent] => Mozilla/5.0 (Windows NT 10.0; Win64; x64) AppleWebKit/537.36 (KHTML, like Gecko) Chrome/128.0.0.0 Safari/537.36
    [sec-ch-ua-platform] => "Windows"
    [Accept] => */*
    [Sec-Fetch-Site] => same-origin
    [Sec-Fetch-Mode] => cors
    [Sec-Fetch-Dest] => empty
    [Referer] => http://localhost/front/dashboard.php?page=clientes
    [Accept-Encoding] => gzip, deflate, br, zstd
    [Accept-Language] => en-US,en;q=0.9,pt;q=0.8
    [Cookie] => PHPSESSID=rk7k1quhtdm6v4dgjne9vdb1s0
)
Array
(
    [Host] => localhost
    [Connection] => keep-alive
    [sec-ch-ua] => "Chromium";v="128", "Not;A=Brand";v="24", "Google Chrome";v="128"
    [idIntegra] => 2
    [sec-ch-ua-mobile] => ?0
    [User-Agent] => Mozilla/5.0 (Windows NT 10.0; Win64; x64) AppleWebKit/537.36 (KHTML, like Gecko) Chrome/128.0.0.0 Safari/537.36
    [sec-ch-ua-platform] => "Windows"
    [Accept] => */*
    [Sec-Fetch-Site] => same-origin
    [Sec-Fetch-Mode] => cors
    [Sec-Fetch-Dest] => empty
    [Referer] => http://localhost/front/dashboard.php?page=usuarios
    [Accept-Encoding] => gzip, deflate, br, zstd
    [Accept-Language] => en-US,en;q=0.9,pt;q=0.8
    [Cookie] => PHPSESSID=rk7k1quhtdm6v4dgjne9vdb1s0
)
Array
(
    [Host] => localhost
    [Connection] => keep-alive
    [sec-ch-ua] => "Chromium";v="128", "Not;A=Brand";v="24", "Google Chrome";v="128"
    [idIntegra] => 2
    [sec-ch-ua-mobile] => ?0
    [User-Agent] => Mozilla/5.0 (Windows NT 10.0; Win64; x64) AppleWebKit/537.36 (KHTML, like Gecko) Chrome/128.0.0.0 Safari/537.36
    [sec-ch-ua-platform] => "Windows"
    [Accept] => */*
    [Sec-Fetch-Site] => same-origin
    [Sec-Fetch-Mode] => cors
    [Sec-Fetch-Dest] => empty
    [Referer] => http://localhost/front/dashboard.php?page=usuarios
    [Accept-Encoding] => gzip, deflate, br, zstd
    [Accept-Language] => en-US,en;q=0.9,pt;q=0.8
    [Cookie] => PHPSESSID=rk7k1quhtdm6v4dgjne9vdb1s0
)
Array
(
    [Host] => localhost
    [Connection] => keep-alive
    [sec-ch-ua] => "Chromium";v="128", "Not;A=Brand";v="24", "Google Chrome";v="128"
    [idIntegra] => 2
    [sec-ch-ua-mobile] => ?0
    [User-Agent] => Mozilla/5.0 (Windows NT 10.0; Win64; x64) AppleWebKit/537.36 (KHTML, like Gecko) Chrome/128.0.0.0 Safari/537.36
    [sec-ch-ua-platform] => "Windows"
    [Accept] => */*
    [Sec-Fetch-Site] => same-origin
    [Sec-Fetch-Mode] => cors
    [Sec-Fetch-Dest] => empty
    [Referer] => http://localhost/front/dashboard.php?page=produtos
    [Accept-Encoding] => gzip, deflate, br, zstd
    [Accept-Language] => en-US,en;q=0.9,pt;q=0.8
    [Cookie] => PHPSESSID=rk7k1quhtdm6v4dgjne9vdb1s0
)
Array
(
    [Host] => localhost
    [Connection] => keep-alive
    [sec-ch-ua] => "Chromium";v="128", "Not;A=Brand";v="24", "Google Chrome";v="128"
    [idIntegra] => 2
    [sec-ch-ua-mobile] => ?0
    [User-Agent] => Mozilla/5.0 (Windows NT 10.0; Win64; x64) AppleWebKit/537.36 (KHTML, like Gecko) Chrome/128.0.0.0 Safari/537.36
    [sec-ch-ua-platform] => "Windows"
    [Accept] => */*
    [Sec-Fetch-Site] => same-origin
    [Sec-Fetch-Mode] => cors
    [Sec-Fetch-Dest] => empty
    [Referer] => http://localhost/front/dashboard.php?page=produtos
    [Accept-Encoding] => gzip, deflate, br, zstd
    [Accept-Language] => en-US,en;q=0.9,pt;q=0.8
    [Cookie] => PHPSESSID=rk7k1quhtdm6v4dgjne9vdb1s0
)
Array
(
    [Host] => localhost
    [Connection] => keep-alive
    [sec-ch-ua] => "Chromium";v="128", "Not;A=Brand";v="24", "Google Chrome";v="128"
    [idIntegra] => 2
    [sec-ch-ua-mobile] => ?0
    [User-Agent] => Mozilla/5.0 (Windows NT 10.0; Win64; x64) AppleWebKit/537.36 (KHTML, like Gecko) Chrome/128.0.0.0 Safari/537.36
    [sec-ch-ua-platform] => "Windows"
    [Accept] => */*
    [Sec-Fetch-Site] => same-origin
    [Sec-Fetch-Mode] => cors
    [Sec-Fetch-Dest] => empty
    [Referer] => http://localhost/front/dashboard.php?page=home
    [Accept-Encoding] => gzip, deflate, br, zstd
    [Accept-Language] => en-US,en;q=0.9,pt;q=0.8
    [Cookie] => PHPSESSID=rk7k1quhtdm6v4dgjne9vdb1s0
)
Array
(
    [Host] => localhost
    [Connection] => keep-alive
    [sec-ch-ua] => "Chromium";v="128", "Not;A=Brand";v="24", "Google Chrome";v="128"
    [idIntegra] => 2
    [sec-ch-ua-mobile] => ?0
    [User-Agent] => Mozilla/5.0 (Windows NT 10.0; Win64; x64) AppleWebKit/537.36 (KHTML, like Gecko) Chrome/128.0.0.0 Safari/537.36
    [sec-ch-ua-platform] => "Windows"
    [Accept] => */*
    [Sec-Fetch-Site] => same-origin
    [Sec-Fetch-Mode] => cors
    [Sec-Fetch-Dest] => empty
    [Referer] => http://localhost/front/dashboard.php?page=home
    [Accept-Encoding] => gzip, deflate, br, zstd
    [Accept-Language] => en-US,en;q=0.9,pt;q=0.8
    [Cookie] => PHPSESSID=rk7k1quhtdm6v4dgjne9vdb1s0
)
Array
(
    [Host] => localhost
    [Connection] => keep-alive
    [sec-ch-ua] => "Chromium";v="128", "Not;A=Brand";v="24", "Google Chrome";v="128"
    [idIntegra] => 2
    [sec-ch-ua-mobile] => ?0
    [User-Agent] => Mozilla/5.0 (Windows NT 10.0; Win64; x64) AppleWebKit/537.36 (KHTML, like Gecko) Chrome/128.0.0.0 Safari/537.36
    [sec-ch-ua-platform] => "Windows"
    [Accept] => */*
    [Sec-Fetch-Site] => same-origin
    [Sec-Fetch-Mode] => cors
    [Sec-Fetch-Dest] => empty
    [Referer] => http://localhost/front/dashboard.php?page=clientes
    [Accept-Encoding] => gzip, deflate, br, zstd
    [Accept-Language] => en-US,en;q=0.9,pt;q=0.8
    [Cookie] => PHPSESSID=rk7k1quhtdm6v4dgjne9vdb1s0
)
Array
(
    [Host] => localhost
    [Connection] => keep-alive
    [sec-ch-ua] => "Chromium";v="128", "Not;A=Brand";v="24", "Google Chrome";v="128"
    [idIntegra] => 2
    [sec-ch-ua-mobile] => ?0
    [User-Agent] => Mozilla/5.0 (Windows NT 10.0; Win64; x64) AppleWebKit/537.36 (KHTML, like Gecko) Chrome/128.0.0.0 Safari/537.36
    [sec-ch-ua-platform] => "Windows"
    [Accept] => */*
    [Sec-Fetch-Site] => same-origin
    [Sec-Fetch-Mode] => cors
    [Sec-Fetch-Dest] => empty
    [Referer] => http://localhost/front/dashboard.php?page=clientes
    [Accept-Encoding] => gzip, deflate, br, zstd
    [Accept-Language] => en-US,en;q=0.9,pt;q=0.8
    [Cookie] => PHPSESSID=rk7k1quhtdm6v4dgjne9vdb1s0
)
Array
(
    [Host] => localhost
    [Connection] => keep-alive
    [sec-ch-ua] => "Chromium";v="128", "Not;A=Brand";v="24", "Google Chrome";v="128"
    [idIntegra] => 2
    [sec-ch-ua-mobile] => ?0
    [User-Agent] => Mozilla/5.0 (Windows NT 10.0; Win64; x64) AppleWebKit/537.36 (KHTML, like Gecko) Chrome/128.0.0.0 Safari/537.36
    [sec-ch-ua-platform] => "Windows"
    [Accept] => */*
    [Sec-Fetch-Site] => same-origin
    [Sec-Fetch-Mode] => cors
    [Sec-Fetch-Dest] => empty
    [Referer] => http://localhost/front/dashboard.php?page=produtos
    [Accept-Encoding] => gzip, deflate, br, zstd
    [Accept-Language] => en-US,en;q=0.9,pt;q=0.8
    [Cookie] => PHPSESSID=rk7k1quhtdm6v4dgjne9vdb1s0
)
Array
(
    [Host] => localhost
    [Connection] => keep-alive
    [sec-ch-ua] => "Chromium";v="128", "Not;A=Brand";v="24", "Google Chrome";v="128"
    [idIntegra] => 2
    [sec-ch-ua-mobile] => ?0
    [User-Agent] => Mozilla/5.0 (Windows NT 10.0; Win64; x64) AppleWebKit/537.36 (KHTML, like Gecko) Chrome/128.0.0.0 Safari/537.36
    [sec-ch-ua-platform] => "Windows"
    [Accept] => */*
    [Sec-Fetch-Site] => same-origin
    [Sec-Fetch-Mode] => cors
    [Sec-Fetch-Dest] => empty
    [Referer] => http://localhost/front/dashboard.php?page=produtos
    [Accept-Encoding] => gzip, deflate, br, zstd
    [Accept-Language] => en-US,en;q=0.9,pt;q=0.8
    [Cookie] => PHPSESSID=rk7k1quhtdm6v4dgjne9vdb1s0
)
Array
(
    [Host] => localhost
    [Connection] => keep-alive
    [sec-ch-ua] => "Chromium";v="128", "Not;A=Brand";v="24", "Google Chrome";v="128"
    [idIntegra] => 2
    [sec-ch-ua-mobile] => ?0
    [User-Agent] => Mozilla/5.0 (Windows NT 10.0; Win64; x64) AppleWebKit/537.36 (KHTML, like Gecko) Chrome/128.0.0.0 Safari/537.36
    [sec-ch-ua-platform] => "Windows"
    [Accept] => */*
    [Sec-Fetch-Site] => same-origin
    [Sec-Fetch-Mode] => cors
    [Sec-Fetch-Dest] => empty
    [Referer] => http://localhost/front/dashboard.php?page=logs
    [Accept-Encoding] => gzip, deflate, br, zstd
    [Accept-Language] => en-US,en;q=0.9,pt;q=0.8
    [Cookie] => PHPSESSID=rk7k1quhtdm6v4dgjne9vdb1s0
)
Array
(
    [Host] => localhost
    [Connection] => keep-alive
    [sec-ch-ua] => "Chromium";v="128", "Not;A=Brand";v="24", "Google Chrome";v="128"
    [idIntegra] => 2
    [sec-ch-ua-mobile] => ?0
    [User-Agent] => Mozilla/5.0 (Windows NT 10.0; Win64; x64) AppleWebKit/537.36 (KHTML, like Gecko) Chrome/128.0.0.0 Safari/537.36
    [sec-ch-ua-platform] => "Windows"
    [Accept] => */*
    [Sec-Fetch-Site] => same-origin
    [Sec-Fetch-Mode] => cors
    [Sec-Fetch-Dest] => empty
    [Referer] => http://localhost/front/dashboard.php?page=logs
    [Accept-Encoding] => gzip, deflate, br, zstd
    [Accept-Language] => en-US,en;q=0.9,pt;q=0.8
    [Cookie] => PHPSESSID=rk7k1quhtdm6v4dgjne9vdb1s0
)
Array
(
    [Host] => localhost
    [Connection] => keep-alive
    [sec-ch-ua] => "Chromium";v="128", "Not;A=Brand";v="24", "Google Chrome";v="128"
    [idIntegra] => 2
    [sec-ch-ua-mobile] => ?0
    [User-Agent] => Mozilla/5.0 (Windows NT 10.0; Win64; x64) AppleWebKit/537.36 (KHTML, like Gecko) Chrome/128.0.0.0 Safari/537.36
    [sec-ch-ua-platform] => "Windows"
    [Accept] => */*
    [Sec-Fetch-Site] => same-origin
    [Sec-Fetch-Mode] => cors
    [Sec-Fetch-Dest] => empty
    [Referer] => http://localhost/front/dashboard.php?page=usuarios
    [Accept-Encoding] => gzip, deflate, br, zstd
    [Accept-Language] => en-US,en;q=0.9,pt;q=0.8
    [Cookie] => PHPSESSID=rk7k1quhtdm6v4dgjne9vdb1s0
)
Array
(
    [Host] => localhost
    [Connection] => keep-alive
    [sec-ch-ua] => "Chromium";v="128", "Not;A=Brand";v="24", "Google Chrome";v="128"
    [idIntegra] => 2
    [sec-ch-ua-mobile] => ?0
    [User-Agent] => Mozilla/5.0 (Windows NT 10.0; Win64; x64) AppleWebKit/537.36 (KHTML, like Gecko) Chrome/128.0.0.0 Safari/537.36
    [sec-ch-ua-platform] => "Windows"
    [Accept] => */*
    [Sec-Fetch-Site] => same-origin
    [Sec-Fetch-Mode] => cors
    [Sec-Fetch-Dest] => empty
    [Referer] => http://localhost/front/dashboard.php?page=usuarios
    [Accept-Encoding] => gzip, deflate, br, zstd
    [Accept-Language] => en-US,en;q=0.9,pt;q=0.8
    [Cookie] => PHPSESSID=rk7k1quhtdm6v4dgjne9vdb1s0
)
Array
(
    [Host] => localhost
    [Connection] => keep-alive
    [sec-ch-ua] => "Chromium";v="128", "Not;A=Brand";v="24", "Google Chrome";v="128"
    [idIntegra] => 2
    [sec-ch-ua-mobile] => ?0
    [User-Agent] => Mozilla/5.0 (Windows NT 10.0; Win64; x64) AppleWebKit/537.36 (KHTML, like Gecko) Chrome/128.0.0.0 Safari/537.36
    [sec-ch-ua-platform] => "Windows"
    [Accept] => */*
    [Sec-Fetch-Site] => same-origin
    [Sec-Fetch-Mode] => cors
    [Sec-Fetch-Dest] => empty
    [Referer] => http://localhost/front/dashboard.php?page=clientes
    [Accept-Encoding] => gzip, deflate, br, zstd
    [Accept-Language] => en-US,en;q=0.9,pt;q=0.8
    [Cookie] => PHPSESSID=rk7k1quhtdm6v4dgjne9vdb1s0
)
Array
(
    [Host] => localhost
    [Connection] => keep-alive
    [sec-ch-ua] => "Chromium";v="128", "Not;A=Brand";v="24", "Google Chrome";v="128"
    [idIntegra] => 2
    [sec-ch-ua-mobile] => ?0
    [User-Agent] => Mozilla/5.0 (Windows NT 10.0; Win64; x64) AppleWebKit/537.36 (KHTML, like Gecko) Chrome/128.0.0.0 Safari/537.36
    [sec-ch-ua-platform] => "Windows"
    [Accept] => */*
    [Sec-Fetch-Site] => same-origin
    [Sec-Fetch-Mode] => cors
    [Sec-Fetch-Dest] => empty
    [Referer] => http://localhost/front/dashboard.php?page=clientes
    [Accept-Encoding] => gzip, deflate, br, zstd
    [Accept-Language] => en-US,en;q=0.9,pt;q=0.8
    [Cookie] => PHPSESSID=rk7k1quhtdm6v4dgjne9vdb1s0
)
Array
(
    [Host] => localhost
    [Connection] => keep-alive
    [sec-ch-ua] => "Chromium";v="128", "Not;A=Brand";v="24", "Google Chrome";v="128"
    [idIntegra] => 2
    [sec-ch-ua-mobile] => ?0
    [User-Agent] => Mozilla/5.0 (Windows NT 10.0; Win64; x64) AppleWebKit/537.36 (KHTML, like Gecko) Chrome/128.0.0.0 Safari/537.36
    [sec-ch-ua-platform] => "Windows"
    [Accept] => */*
    [Sec-Fetch-Site] => same-origin
    [Sec-Fetch-Mode] => cors
    [Sec-Fetch-Dest] => empty
    [Referer] => http://localhost/front/dashboard.php?page=usuarios
    [Accept-Encoding] => gzip, deflate, br, zstd
    [Accept-Language] => en-US,en;q=0.9,pt;q=0.8
    [Cookie] => PHPSESSID=rk7k1quhtdm6v4dgjne9vdb1s0
)
Array
(
    [Host] => localhost
    [Connection] => keep-alive
    [sec-ch-ua] => "Chromium";v="128", "Not;A=Brand";v="24", "Google Chrome";v="128"
    [idIntegra] => 2
    [sec-ch-ua-mobile] => ?0
    [User-Agent] => Mozilla/5.0 (Windows NT 10.0; Win64; x64) AppleWebKit/537.36 (KHTML, like Gecko) Chrome/128.0.0.0 Safari/537.36
    [sec-ch-ua-platform] => "Windows"
    [Accept] => */*
    [Sec-Fetch-Site] => same-origin
    [Sec-Fetch-Mode] => cors
    [Sec-Fetch-Dest] => empty
    [Referer] => http://localhost/front/dashboard.php?page=usuarios
    [Accept-Encoding] => gzip, deflate, br, zstd
    [Accept-Language] => en-US,en;q=0.9,pt;q=0.8
    [Cookie] => PHPSESSID=rk7k1quhtdm6v4dgjne9vdb1s0
)
Array
(
    [Host] => localhost
    [Connection] => keep-alive
    [sec-ch-ua] => "Chromium";v="128", "Not;A=Brand";v="24", "Google Chrome";v="128"
    [idIntegra] => 2
    [sec-ch-ua-mobile] => ?0
    [User-Agent] => Mozilla/5.0 (Windows NT 10.0; Win64; x64) AppleWebKit/537.36 (KHTML, like Gecko) Chrome/128.0.0.0 Safari/537.36
    [sec-ch-ua-platform] => "Windows"
    [Accept] => */*
    [Sec-Fetch-Site] => same-origin
    [Sec-Fetch-Mode] => cors
    [Sec-Fetch-Dest] => empty
    [Referer] => http://localhost/front/dashboard.php?page=home
    [Accept-Encoding] => gzip, deflate, br, zstd
    [Accept-Language] => en-US,en;q=0.9,pt;q=0.8
    [Cookie] => PHPSESSID=rk7k1quhtdm6v4dgjne9vdb1s0
)
Array
(
    [Host] => localhost
    [Connection] => keep-alive
    [sec-ch-ua] => "Chromium";v="128", "Not;A=Brand";v="24", "Google Chrome";v="128"
    [idIntegra] => 2
    [sec-ch-ua-mobile] => ?0
    [User-Agent] => Mozilla/5.0 (Windows NT 10.0; Win64; x64) AppleWebKit/537.36 (KHTML, like Gecko) Chrome/128.0.0.0 Safari/537.36
    [sec-ch-ua-platform] => "Windows"
    [Accept] => */*
    [Sec-Fetch-Site] => same-origin
    [Sec-Fetch-Mode] => cors
    [Sec-Fetch-Dest] => empty
    [Referer] => http://localhost/front/dashboard.php?page=home
    [Accept-Encoding] => gzip, deflate, br, zstd
    [Accept-Language] => en-US,en;q=0.9,pt;q=0.8
    [Cookie] => PHPSESSID=rk7k1quhtdm6v4dgjne9vdb1s0
)
Array
(
    [Host] => localhost
    [Connection] => keep-alive
    [Pragma] => no-cache
    [Cache-Control] => no-cache
    [sec-ch-ua] => "Chromium";v="128", "Not;A=Brand";v="24", "Google Chrome";v="128"
    [idIntegra] => 2
    [sec-ch-ua-mobile] => ?0
    [User-Agent] => Mozilla/5.0 (Windows NT 10.0; Win64; x64) AppleWebKit/537.36 (KHTML, like Gecko) Chrome/128.0.0.0 Safari/537.36
    [sec-ch-ua-platform] => "Windows"
    [Accept] => */*
    [Origin] => https://hub.sysprov.com.br
    [Sec-Fetch-Site] => cross-site
    [Sec-Fetch-Mode] => cors
    [Sec-Fetch-Dest] => empty
    [Accept-Encoding] => gzip, deflate, br, zstd
    [Accept-Language] => en-US,en;q=0.9,pt;q=0.8
)
Array
(
    [Host] => localhost
    [Connection] => keep-alive
    [sec-ch-ua] => "Chromium";v="128", "Not;A=Brand";v="24", "Google Chrome";v="128"
    [idIntegra] => 2
    [sec-ch-ua-mobile] => ?0
    [User-Agent] => Mozilla/5.0 (Windows NT 10.0; Win64; x64) AppleWebKit/537.36 (KHTML, like Gecko) Chrome/128.0.0.0 Safari/537.36
    [sec-ch-ua-platform] => "Windows"
    [Accept] => */*
    [Origin] => https://hub.sysprov.com.br
    [Sec-Fetch-Site] => cross-site
    [Sec-Fetch-Mode] => cors
    [Sec-Fetch-Dest] => empty
    [Accept-Encoding] => gzip, deflate, br, zstd
    [Accept-Language] => en-US,en;q=0.9,pt;q=0.8
)
Array
(
    [Host] => localhost
    [Connection] => keep-alive
    [sec-ch-ua] => "Chromium";v="128", "Not;A=Brand";v="24", "Google Chrome";v="128"
    [idIntegra] => 2
    [sec-ch-ua-mobile] => ?0
    [User-Agent] => Mozilla/5.0 (Windows NT 10.0; Win64; x64) AppleWebKit/537.36 (KHTML, like Gecko) Chrome/128.0.0.0 Safari/537.36
    [sec-ch-ua-platform] => "Windows"
    [Accept] => */*
    [Origin] => https://hub.sysprov.com.br
    [Sec-Fetch-Site] => cross-site
    [Sec-Fetch-Mode] => cors
    [Sec-Fetch-Dest] => empty
    [Accept-Encoding] => gzip, deflate, br, zstd
    [Accept-Language] => en-US,en;q=0.9,pt;q=0.8
)
Array
(
    [Host] => localhost
    [Connection] => keep-alive
    [sec-ch-ua] => "Chromium";v="128", "Not;A=Brand";v="24", "Google Chrome";v="128"
    [idIntegra] => 2
    [sec-ch-ua-mobile] => ?0
    [User-Agent] => Mozilla/5.0 (Windows NT 10.0; Win64; x64) AppleWebKit/537.36 (KHTML, like Gecko) Chrome/128.0.0.0 Safari/537.36
    [sec-ch-ua-platform] => "Windows"
    [Accept] => */*
    [Origin] => https://hub.sysprov.com.br
    [Sec-Fetch-Site] => cross-site
    [Sec-Fetch-Mode] => cors
    [Sec-Fetch-Dest] => empty
    [Accept-Encoding] => gzip, deflate, br, zstd
    [Accept-Language] => en-US,en;q=0.9,pt;q=0.8
)
Array
(
    [Host] => localhost
    [Connection] => keep-alive
    [sec-ch-ua] => "Chromium";v="128", "Not;A=Brand";v="24", "Google Chrome";v="128"
    [idIntegra] => 2
    [sec-ch-ua-mobile] => ?0
    [User-Agent] => Mozilla/5.0 (Windows NT 10.0; Win64; x64) AppleWebKit/537.36 (KHTML, like Gecko) Chrome/128.0.0.0 Safari/537.36
    [sec-ch-ua-platform] => "Windows"
    [Accept] => */*
    [Origin] => https://hub.sysprov.com.br
    [Sec-Fetch-Site] => cross-site
    [Sec-Fetch-Mode] => cors
    [Sec-Fetch-Dest] => empty
    [Accept-Encoding] => gzip, deflate, br, zstd
    [Accept-Language] => en-US,en;q=0.9,pt;q=0.8
)
Array
(
    [Host] => localhost
    [Connection] => keep-alive
    [sec-ch-ua] => "Chromium";v="128", "Not;A=Brand";v="24", "Google Chrome";v="128"
    [idIntegra] => 2
    [sec-ch-ua-mobile] => ?0
    [User-Agent] => Mozilla/5.0 (Windows NT 10.0; Win64; x64) AppleWebKit/537.36 (KHTML, like Gecko) Chrome/128.0.0.0 Safari/537.36
    [sec-ch-ua-platform] => "Windows"
    [Accept] => */*
    [Origin] => https://hub.sysprov.com.br
    [Sec-Fetch-Site] => cross-site
    [Sec-Fetch-Mode] => cors
    [Sec-Fetch-Dest] => empty
    [Accept-Encoding] => gzip, deflate, br, zstd
    [Accept-Language] => en-US,en;q=0.9,pt;q=0.8
)
Array
(
    [Host] => localhost
    [Connection] => keep-alive
    [sec-ch-ua] => "Chromium";v="128", "Not;A=Brand";v="24", "Google Chrome";v="128"
    [idIntegra] => 2
    [sec-ch-ua-mobile] => ?0
    [User-Agent] => Mozilla/5.0 (Windows NT 10.0; Win64; x64) AppleWebKit/537.36 (KHTML, like Gecko) Chrome/128.0.0.0 Safari/537.36
    [sec-ch-ua-platform] => "Windows"
    [Accept] => */*
    [Origin] => https://hub.sysprov.com.br
    [Sec-Fetch-Site] => cross-site
    [Sec-Fetch-Mode] => cors
    [Sec-Fetch-Dest] => empty
    [Accept-Encoding] => gzip, deflate, br, zstd
    [Accept-Language] => en-US,en;q=0.9,pt;q=0.8
)
Array
(
    [Host] => hub.sysprov.com.br
    [sec-ch-ua] => "Chromium";v="128", "Not;A=Brand";v="24", "Google Chrome";v="128"
    [sec-ch-ua-platform] => "Android"
    [idintegra] => 2
    [sec-ch-ua-mobile] => ?1
    [User-Agent] => Mozilla/5.0 (Linux; Android 6.0; Nexus 5 Build/MRA58N) AppleWebKit/537.36 (KHTML, like Gecko) Chrome/128.0.0.0 Mobile Safari/537.36
    [Content-Type] => application/json
    [Accept] => */*
    [origin] => http://localhost
    [sec-fetch-site] => cross-site
    [sec-fetch-mode] => cors
    [sec-fetch-dest] => empty
    [Referer] => http://localhost/
    [Accept-Encoding] => gzip, deflate, br, zstd
    [Accept-Language] => en-US,en;q=0.9,pt;q=0.8
    [priority] => u=1, i
)
Headers: Array
(
    [Host] => hub.sysprov.com.br
    [sec-ch-ua] => "Chromium";v="128", "Not;A=Brand";v="24", "Google Chrome";v="128"
    [sec-ch-ua-platform] => "Android"
    [idintegra] => 2
    [sec-ch-ua-mobile] => ?1
    [User-Agent] => Mozilla/5.0 (Linux; Android 6.0; Nexus 5 Build/MRA58N) AppleWebKit/537.36 (KHTML, like Gecko) Chrome/128.0.0.0 Mobile Safari/537.36
    [Content-Type] => application/json
    [Accept] => */*
    [origin] => http://localhost
    [sec-fetch-site] => cross-site
    [sec-fetch-mode] => cors
    [sec-fetch-dest] => empty
    [Referer] => http://localhost/
    [Accept-Encoding] => gzip, deflate, br, zstd
    [Accept-Language] => en-US,en;q=0.9,pt;q=0.8
    [priority] => u=1, i
)

Headers: Array
(
    [Host] => hub.sysprov.com.br
    [sec-ch-ua] => "Chromium";v="128", "Not;A=Brand";v="24", "Google Chrome";v="128"
    [sec-ch-ua-platform] => "Android"
    [idintegra] => 2
    [sec-ch-ua-mobile] => ?1
    [User-Agent] => Mozilla/5.0 (Linux; Android 6.0; Nexus 5 Build/MRA58N) AppleWebKit/537.36 (KHTML, like Gecko) Chrome/128.0.0.0 Mobile Safari/537.36
    [Content-Type] => application/json
    [Accept] => */*
    [origin] => http://localhost
    [sec-fetch-site] => cross-site
    [sec-fetch-mode] => cors
    [sec-fetch-dest] => empty
    [Referer] => http://localhost/
    [Accept-Encoding] => gzip, deflate, br, zstd
    [Accept-Language] => en-US,en;q=0.9,pt;q=0.8
    [priority] => u=1, i
)

Headers: Array
(
    [Host] => hub.sysprov.com.br
    [sec-ch-ua] => "Chromium";v="128", "Not;A=Brand";v="24", "Google Chrome";v="128"
    [sec-ch-ua-platform] => "Android"
    [idintegra] => 2
    [sec-ch-ua-mobile] => ?1
    [User-Agent] => Mozilla/5.0 (Linux; Android 6.0; Nexus 5 Build/MRA58N) AppleWebKit/537.36 (KHTML, like Gecko) Chrome/128.0.0.0 Mobile Safari/537.36
    [Content-Type] => application/json
    [Accept] => */*
    [origin] => http://localhost
    [sec-fetch-site] => cross-site
    [sec-fetch-mode] => cors
    [sec-fetch-dest] => empty
    [Referer] => http://localhost/
    [Accept-Encoding] => gzip, deflate, br, zstd
    [Accept-Language] => en-US,en;q=0.9,pt;q=0.8
    [priority] => u=1, i
)

Headers: Array
(
    [Host] => hub.sysprov.com.br
    [sec-ch-ua] => "Chromium";v="128", "Not;A=Brand";v="24", "Google Chrome";v="128"
    [sec-ch-ua-platform] => "Android"
    [idintegra] => 2
    [sec-ch-ua-mobile] => ?1
    [User-Agent] => Mozilla/5.0 (Linux; Android 6.0; Nexus 5 Build/MRA58N) AppleWebKit/537.36 (KHTML, like Gecko) Chrome/128.0.0.0 Mobile Safari/537.36
    [Content-Type] => application/json
    [Accept] => */*
    [origin] => http://localhost
    [sec-fetch-site] => cross-site
    [sec-fetch-mode] => cors
    [sec-fetch-dest] => empty
    [Referer] => http://localhost/
    [Accept-Encoding] => gzip, deflate, br, zstd
    [Accept-Language] => en-US,en;q=0.9,pt;q=0.8
    [priority] => u=1, i
)

Headers: Array
(
    [Host] => hub.sysprov.com.br
    [Pragma] => no-cache
    [Cache-Control] => no-cache
    [sec-ch-ua] => "Chromium";v="128", "Not;A=Brand";v="24", "Google Chrome";v="128"
    [sec-ch-ua-platform] => "Android"
    [idintegra] => 2
    [sec-ch-ua-mobile] => ?1
    [User-Agent] => Mozilla/5.0 (Linux; Android 6.0; Nexus 5 Build/MRA58N) AppleWebKit/537.36 (KHTML, like Gecko) Chrome/128.0.0.0 Mobile Safari/537.36
    [Content-Type] => application/json
    [Accept] => */*
    [origin] => http://localhost
    [sec-fetch-site] => cross-site
    [sec-fetch-mode] => cors
    [sec-fetch-dest] => empty
    [Referer] => http://localhost/
    [Accept-Encoding] => gzip, deflate, br, zstd
    [Accept-Language] => en-US,en;q=0.9,pt;q=0.8
    [priority] => u=1, i
)

Headers: Array
(
    [Host] => hub.sysprov.com.br
    [Pragma] => no-cache
    [Cache-Control] => no-cache
    [sec-ch-ua] => "Chromium";v="128", "Not;A=Brand";v="24", "Google Chrome";v="128"
    [sec-ch-ua-platform] => "Android"
    [idintegra] => 2
    [sec-ch-ua-mobile] => ?1
    [User-Agent] => Mozilla/5.0 (Linux; Android 6.0; Nexus 5 Build/MRA58N) AppleWebKit/537.36 (KHTML, like Gecko) Chrome/128.0.0.0 Mobile Safari/537.36
    [Content-Type] => application/json
    [Accept] => */*
    [origin] => http://localhost
    [sec-fetch-site] => cross-site
    [sec-fetch-mode] => cors
    [sec-fetch-dest] => empty
    [Referer] => http://localhost/
    [Accept-Encoding] => gzip, deflate, br, zstd
    [Accept-Language] => en-US,en;q=0.9,pt;q=0.8
    [priority] => u=1, i
)

Headers: Array
(
    [Host] => hub.sysprov.com.br
    [Pragma] => no-cache
    [Cache-Control] => no-cache
    [sec-ch-ua] => "Chromium";v="128", "Not;A=Brand";v="24", "Google Chrome";v="128"
    [sec-ch-ua-platform] => "Android"
    [idintegra] => 2
    [sec-ch-ua-mobile] => ?1
    [User-Agent] => Mozilla/5.0 (Linux; Android 6.0; Nexus 5 Build/MRA58N) AppleWebKit/537.36 (KHTML, like Gecko) Chrome/128.0.0.0 Mobile Safari/537.36
    [Content-Type] => application/json
    [Accept] => */*
    [origin] => http://localhost
    [sec-fetch-site] => cross-site
    [sec-fetch-mode] => cors
    [sec-fetch-dest] => empty
    [Referer] => http://localhost/
    [Accept-Encoding] => gzip, deflate, br, zstd
    [Accept-Language] => en-US,en;q=0.9,pt;q=0.8
    [priority] => u=1, i
)

Headers: Array
(
    [Host] => hub.sysprov.com.br
    [Pragma] => no-cache
    [Cache-Control] => no-cache
    [sec-ch-ua] => "Chromium";v="128", "Not;A=Brand";v="24", "Google Chrome";v="128"
    [sec-ch-ua-platform] => "Android"
    [idintegra] => 2
    [sec-ch-ua-mobile] => ?1
    [User-Agent] => Mozilla/5.0 (Linux; Android 6.0; Nexus 5 Build/MRA58N) AppleWebKit/537.36 (KHTML, like Gecko) Chrome/128.0.0.0 Mobile Safari/537.36
    [Content-Type] => application/json
    [Accept] => */*
    [origin] => http://localhost
    [sec-fetch-site] => cross-site
    [sec-fetch-mode] => cors
    [sec-fetch-dest] => empty
    [Referer] => http://localhost/
    [Accept-Encoding] => gzip, deflate, br, zstd
    [Accept-Language] => en-US,en;q=0.9,pt;q=0.8
    [priority] => u=1, i
)

Headers: Array
(
    [Host] => hub.sysprov.com.br
    [Pragma] => no-cache
    [Cache-Control] => no-cache
    [sec-ch-ua] => "Chromium";v="128", "Not;A=Brand";v="24", "Google Chrome";v="128"
    [sec-ch-ua-platform] => "Android"
    [idintegra] => 2
    [sec-ch-ua-mobile] => ?1
    [User-Agent] => Mozilla/5.0 (Linux; Android 6.0; Nexus 5 Build/MRA58N) AppleWebKit/537.36 (KHTML, like Gecko) Chrome/128.0.0.0 Mobile Safari/537.36
    [Content-Type] => application/json
    [Accept] => */*
    [origin] => http://localhost
    [sec-fetch-site] => cross-site
    [sec-fetch-mode] => cors
    [sec-fetch-dest] => empty
    [Referer] => http://localhost/
    [Accept-Encoding] => gzip, deflate, br, zstd
    [Accept-Language] => en-US,en;q=0.9,pt;q=0.8
    [priority] => u=1, i
)

Headers: Array
(
    [Host] => hub.sysprov.com.br
    [Pragma] => no-cache
    [Cache-Control] => no-cache
    [sec-ch-ua] => "Chromium";v="128", "Not;A=Brand";v="24", "Google Chrome";v="128"
    [sec-ch-ua-platform] => "Android"
    [idintegra] => 2
    [sec-ch-ua-mobile] => ?1
    [User-Agent] => Mozilla/5.0 (Linux; Android 6.0; Nexus 5 Build/MRA58N) AppleWebKit/537.36 (KHTML, like Gecko) Chrome/128.0.0.0 Mobile Safari/537.36
    [Content-Type] => application/json
    [Accept] => */*
    [origin] => http://localhost
    [sec-fetch-site] => cross-site
    [sec-fetch-mode] => cors
    [sec-fetch-dest] => empty
    [Referer] => http://localhost/
    [Accept-Encoding] => gzip, deflate, br, zstd
    [Accept-Language] => en-US,en;q=0.9,pt;q=0.8
    [priority] => u=1, i
)

